This is pdfTeX, Version 3.14159265-2.6-1.40.21 (MiKTeX 20.11) (preloaded format=pdflatex 2020.12.9)  3 FEB 2021 15:26
entering extended mode
**./chapter_1.tex
(chapter_1.tex
LaTeX2e <2020-10-01> patch level 2
L3 programming layer <2020-12-03> xparse <2020-03-03> (C:\Users\tarapozzi\AppDa
ta\Local\Programs\MiKTeX\tex/latex/base\article.cls
Document Class: article 2020/04/10 v1.4m Standard LaTeX document class
(C:\Users\tarapozzi\AppData\Local\Programs\MiKTeX\tex/latex/base\size12.clo
File: size12.clo 2020/04/10 v1.4m Standard LaTeX file (size option)
)
\c@part=\count177
\c@section=\count178
\c@subsection=\count179
\c@subsubsection=\count180
\c@paragraph=\count181
\c@subparagraph=\count182
\c@figure=\count183
\c@table=\count184
\abovecaptionskip=\skip47
\belowcaptionskip=\skip48
\bibindent=\dimen138
) (C:\Users\tarapozzi\AppData\Local\Programs\MiKTeX\tex/latex/lm\lmodern.sty
Package: lmodern 2009/10/30 v1.6 Latin Modern Fonts
LaTeX Font Info:    Overwriting symbol font `operators' in version `normal'
(Font)                  OT1/cmr/m/n --> OT1/lmr/m/n on input line 22.
LaTeX Font Info:    Overwriting symbol font `letters' in version `normal'
(Font)                  OML/cmm/m/it --> OML/lmm/m/it on input line 23.
LaTeX Font Info:    Overwriting symbol font `symbols' in version `normal'
(Font)                  OMS/cmsy/m/n --> OMS/lmsy/m/n on input line 24.
LaTeX Font Info:    Overwriting symbol font `largesymbols' in version `normal'
(Font)                  OMX/cmex/m/n --> OMX/lmex/m/n on input line 25.
LaTeX Font Info:    Overwriting symbol font `operators' in version `bold'
(Font)                  OT1/cmr/bx/n --> OT1/lmr/bx/n on input line 26.
LaTeX Font Info:    Overwriting symbol font `letters' in version `bold'
(Font)                  OML/cmm/b/it --> OML/lmm/b/it on input line 27.
LaTeX Font Info:    Overwriting symbol font `symbols' in version `bold'
(Font)                  OMS/cmsy/b/n --> OMS/lmsy/b/n on input line 28.
LaTeX Font Info:    Overwriting symbol font `largesymbols' in version `bold'
(Font)                  OMX/cmex/m/n --> OMX/lmex/m/n on input line 29.
LaTeX Font Info:    Overwriting math alphabet `\mathbf' in version `normal'
(Font)                  OT1/cmr/bx/n --> OT1/lmr/bx/n on input line 31.
LaTeX Font Info:    Overwriting math alphabet `\mathsf' in version `normal'
(Font)                  OT1/cmss/m/n --> OT1/lmss/m/n on input line 32.
LaTeX Font Info:    Overwriting math alphabet `\mathit' in version `normal'
(Font)                  OT1/cmr/m/it --> OT1/lmr/m/it on input line 33.
LaTeX Font Info:    Overwriting math alphabet `\mathtt' in version `normal'
(Font)                  OT1/cmtt/m/n --> OT1/lmtt/m/n on input line 34.
LaTeX Font Info:    Overwriting math alphabet `\mathbf' in version `bold'
(Font)                  OT1/cmr/bx/n --> OT1/lmr/bx/n on input line 35.
LaTeX Font Info:    Overwriting math alphabet `\mathsf' in version `bold'
(Font)                  OT1/cmss/bx/n --> OT1/lmss/bx/n on input line 36.
LaTeX Font Info:    Overwriting math alphabet `\mathit' in version `bold'
(Font)                  OT1/cmr/bx/it --> OT1/lmr/bx/it on input line 37.
LaTeX Font Info:    Overwriting math alphabet `\mathtt' in version `bold'
(Font)                  OT1/cmtt/m/n --> OT1/lmtt/m/n on input line 38.
)
(C:\Users\tarapozzi\AppData\Local\Programs\MiKTeX\tex/latex/amsmath\amsmath.sty
Package: amsmath 2020/09/23 v2.17i AMS math features
\@mathmargin=\skip49
For additional information on amsmath, use the `?' option.

(C:\Users\tarapozzi\AppData\Local\Programs\MiKTeX\tex/latex/amsmath\amstext.sty
Package: amstext 2000/06/29 v2.01 AMS text
(C:\Users\tarapozzi\AppData\Local\Programs\MiKTeX\tex/latex/amsmath\amsgen.sty
File: amsgen.sty 1999/11/30 v2.0 generic functions
\@emptytoks=\toks15
\ex@=\dimen139
)) (C:\Users\tarapozzi\AppData\Local\Programs\MiKTeX\tex/latex/amsmath\amsbsy.s
ty
Package: amsbsy 1999/11/29 v1.2d Bold Symbols
\pmbraise@=\dimen140
) (C:\Users\tarapozzi\AppData\Local\Programs\MiKTeX\tex/latex/amsmath\amsopn.st
y
Package: amsopn 2016/03/08 v2.02 operator names
)
\inf@bad=\count185
LaTeX Info: Redefining \frac on input line 234.
\uproot@=\count186
\leftroot@=\count187
LaTeX Info: Redefining \overline on input line 399.
\classnum@=\count188
\DOTSCASE@=\count189
LaTeX Info: Redefining \ldots on input line 496.
LaTeX Info: Redefining \dots on input line 499.
LaTeX Info: Redefining \cdots on input line 620.
\Mathstrutbox@=\box47
\strutbox@=\box48
\big@size=\dimen141
LaTeX Font Info:    Redeclaring font encoding OML on input line 743.
LaTeX Font Info:    Redeclaring font encoding OMS on input line 744.
\macc@depth=\count190
\c@MaxMatrixCols=\count191
\dotsspace@=\muskip16
\c@parentequation=\count192
\dspbrk@lvl=\count193
\tag@help=\toks16
\row@=\count194
\column@=\count195
\maxfields@=\count196
\andhelp@=\toks17
\eqnshift@=\dimen142
\alignsep@=\dimen143
\tagshift@=\dimen144
\tagwidth@=\dimen145
\totwidth@=\dimen146
\lineht@=\dimen147
\@envbody=\toks18
\multlinegap=\skip50
\multlinetaggap=\skip51
\mathdisplay@stack=\toks19
LaTeX Info: Redefining \[ on input line 2923.
LaTeX Info: Redefining \] on input line 2924.
)
(C:\Users\tarapozzi\AppData\Local\Programs\MiKTeX\tex/generic/iftex\ifxetex.sty
Package: ifxetex 2019/10/25 v0.7 ifxetex legacy package. Use iftex instead.
(C:\Users\tarapozzi\AppData\Local\Programs\MiKTeX\tex/generic/iftex\iftex.sty
Package: iftex 2020/03/06 v1.0d TeX engine tests
))
(C:\Users\tarapozzi\AppData\Local\Programs\MiKTeX\tex/generic/iftex\ifluatex.st
y
Package: ifluatex 2019/10/25 v1.5 ifluatex legacy package. Use iftex instead.
) (C:\Users\tarapozzi\AppData\Local\Programs\MiKTeX\tex/latex/base\fontenc.sty
Package: fontenc 2020/08/10 v2.0s Standard LaTeX package
LaTeX Font Info:    Trying to load font information for T1+lmr on input line 11
2.
(C:\Users\tarapozzi\AppData\Local\Programs\MiKTeX\tex/latex/lm\t1lmr.fd
File: t1lmr.fd 2009/10/30 v1.6 Font defs for Latin Modern
)) (C:\Users\tarapozzi\AppData\Local\Programs\MiKTeX\tex/latex/base\inputenc.st
y
Package: inputenc 2020/08/01 v1.3d Input encoding file
\inpenc@prehook=\toks20
\inpenc@posthook=\toks21
) (C:\Users\tarapozzi\AppData\Local\Programs\MiKTeX\tex/latex/base\textcomp.sty
Package: textcomp 2020/02/02 v2.0n Standard LaTeX package
)
(C:\Users\tarapozzi\AppData\Local\Programs\MiKTeX\tex/latex/amsfonts\amssymb.st
y
Package: amssymb 2013/01/14 v3.01 AMS font symbols

(C:\Users\tarapozzi\AppData\Local\Programs\MiKTeX\tex/latex/amsfonts\amsfonts.s
ty
Package: amsfonts 2013/01/14 v3.01 Basic AMSFonts support
\symAMSa=\mathgroup4
\symAMSb=\mathgroup5
LaTeX Font Info:    Redeclaring math symbol \hbar on input line 98.
LaTeX Font Info:    Overwriting math alphabet `\mathfrak' in version `bold'
(Font)                  U/euf/m/n --> U/euf/b/n on input line 106.
))
(C:\Users\tarapozzi\AppData\Local\Programs\MiKTeX\tex/latex/upquote\upquote.sty
Package: upquote 2012/04/19 v1.3 upright-quote and grave-accent glyphs in verba
tim
)
(C:\Users\tarapozzi\AppData\Local\Programs\MiKTeX\tex/latex/microtype\microtype
.sty
Package: microtype 2019/11/18 v2.7d Micro-typographical refinements (RS)

(C:\Users\tarapozzi\AppData\Local\Programs\MiKTeX\tex/latex/graphics\keyval.sty
Package: keyval 2014/10/28 v1.15 key=value parser (DPC)
\KV@toks@=\toks22
)
\MT@toks=\toks23
\MT@count=\count197
LaTeX Info: Redefining \textls on input line 790.
\MT@outer@kern=\dimen148
LaTeX Info: Redefining \textmicrotypecontext on input line 1354.
\MT@listname@count=\count198

(C:\Users\tarapozzi\AppData\Local\Programs\MiKTeX\tex/latex/microtype\microtype
-pdftex.def
File: microtype-pdftex.def 2019/11/18 v2.7d Definitions specific to pdftex (RS)

LaTeX Info: Redefining \lsstyle on input line 914.
LaTeX Info: Redefining \lslig on input line 914.
\MT@outer@space=\skip52
)
Package microtype Info: Loading configuration file microtype.cfg.

(C:\Users\tarapozzi\AppData\Local\Programs\MiKTeX\tex/latex/microtype\microtype
.cfg
File: microtype.cfg 2019/11/18 v2.7d microtype main configuration file (RS)
)) (C:\Users\tarapozzi\AppData\Local\Programs\MiKTeX\tex/latex/xcolor\xcolor.st
y
Package: xcolor 2016/05/11 v2.12 LaTeX color extensions (UK)

(C:\Users\tarapozzi\AppData\Local\Programs\MiKTeX\tex/latex/graphics-cfg\color.
cfg
File: color.cfg 2016/01/02 v1.6 sample color configuration
)
Package xcolor Info: Driver file: pdftex.def on input line 225.

(C:\Users\tarapozzi\AppData\Local\Programs\MiKTeX\tex/latex/graphics-def\pdftex
.def
File: pdftex.def 2020/10/05 v1.2a Graphics/color driver for pdftex
)
Package xcolor Info: Model `cmy' substituted by `cmy0' on input line 1348.
Package xcolor Info: Model `hsb' substituted by `rgb' on input line 1352.
Package xcolor Info: Model `RGB' extended on input line 1364.
Package xcolor Info: Model `HTML' substituted by `rgb' on input line 1366.
Package xcolor Info: Model `Hsb' substituted by `hsb' on input line 1367.
Package xcolor Info: Model `tHsb' substituted by `hsb' on input line 1368.
Package xcolor Info: Model `HSB' substituted by `hsb' on input line 1369.
Package xcolor Info: Model `Gray' substituted by `gray' on input line 1370.
Package xcolor Info: Model `wave' substituted by `hsb' on input line 1371.

(C:\Users\tarapozzi\AppData\Local\Programs\MiKTeX\tex/latex/graphics\dvipsnam.d
ef
File: dvipsnam.def 2016/06/17 v3.0m Driver-dependent file (DPC,SPQR)
) (C:\Users\tarapozzi\AppData\Local\Programs\MiKTeX\tex/latex/xcolor\svgnam.def
File: svgnam.def 2016/05/11 v2.12 Predefined colors according to SVG 1.1 (UK)
) (C:\Users\tarapozzi\AppData\Local\Programs\MiKTeX\tex/latex/xcolor\x11nam.def
File: x11nam.def 2016/05/11 v2.12 Predefined colors according to Unix/X11 (UK)
)) (C:\Users\tarapozzi\AppData\Local\Programs\MiKTeX\tex/latex/xurl\xurl.sty
Package: xurl 2020/12/30 v 0.09a modify URL breaks
(C:\Users\tarapozzi\AppData\Local\Programs\MiKTeX\tex/latex/url\url.sty
\Urlmuskip=\muskip17
Package: url 2013/09/16  ver 3.4  Verb mode for urls, etc.
))
(C:\Users\tarapozzi\AppData\Local\Programs\MiKTeX\tex/latex/bookmark\bookmark.s
ty
Package: bookmark 2020-11-06 v1.29 PDF bookmarks (HO)

(C:\Users\tarapozzi\AppData\Local\Programs\MiKTeX\tex/latex/hyperref\hyperref.s
ty
Package: hyperref 2020-05-15 v7.00e Hypertext links for LaTeX

(C:\Users\tarapozzi\AppData\Local\Programs\MiKTeX\tex/generic/ltxcmds\ltxcmds.s
ty
Package: ltxcmds 2020-05-10 v1.25 LaTeX kernel commands for general use (HO)
)
(C:\Users\tarapozzi\AppData\Local\Programs\MiKTeX\tex/generic/pdftexcmds\pdftex
cmds.sty
Package: pdftexcmds 2020-06-27 v0.33 Utility functions of pdfTeX for LuaTeX (HO
)

(C:\Users\tarapozzi\AppData\Local\Programs\MiKTeX\tex/generic/infwarerr\infware
rr.sty
Package: infwarerr 2019/12/03 v1.5 Providing info/warning/error messages (HO)
)
Package pdftexcmds Info: \pdf@primitive is available.
Package pdftexcmds Info: \pdf@ifprimitive is available.
Package pdftexcmds Info: \pdfdraftmode found.
)
(C:\Users\tarapozzi\AppData\Local\Programs\MiKTeX\tex/generic/kvsetkeys\kvsetke
ys.sty
Package: kvsetkeys 2019/12/15 v1.18 Key value parser (HO)
)
(C:\Users\tarapozzi\AppData\Local\Programs\MiKTeX\tex/generic/kvdefinekeys\kvde
finekeys.sty
Package: kvdefinekeys 2019-12-19 v1.6 Define keys (HO)
)
(C:\Users\tarapozzi\AppData\Local\Programs\MiKTeX\tex/generic/pdfescape\pdfesca
pe.sty
Package: pdfescape 2019/12/09 v1.15 Implements pdfTeX's escape features (HO)
)
(C:\Users\tarapozzi\AppData\Local\Programs\MiKTeX\tex/latex/hycolor\hycolor.sty
Package: hycolor 2020-01-27 v1.10 Color options for hyperref/bookmark (HO)
)
(C:\Users\tarapozzi\AppData\Local\Programs\MiKTeX\tex/latex/letltxmacro\letltxm
acro.sty
Package: letltxmacro 2019/12/03 v1.6 Let assignment for LaTeX macros (HO)
)
(C:\Users\tarapozzi\AppData\Local\Programs\MiKTeX\tex/latex/auxhook\auxhook.sty
Package: auxhook 2019-12-17 v1.6 Hooks for auxiliary files (HO)
)
(C:\Users\tarapozzi\AppData\Local\Programs\MiKTeX\tex/latex/kvoptions\kvoptions
.sty
Package: kvoptions 2020-10-07 v3.14 Key value format for package options (HO)
)
\@linkdim=\dimen149
\Hy@linkcounter=\count199
\Hy@pagecounter=\count266

(C:\Users\tarapozzi\AppData\Local\Programs\MiKTeX\tex/latex/hyperref\pd1enc.def
File: pd1enc.def 2020-05-15 v7.00e Hyperref: PDFDocEncoding definition (HO)
Now handling font encoding PD1 ...
... no UTF-8 mapping file for font encoding PD1
)
(C:\Users\tarapozzi\AppData\Local\Programs\MiKTeX\tex/generic/intcalc\intcalc.s
ty
Package: intcalc 2019/12/15 v1.3 Expandable calculations with integers (HO)
)
(C:\Users\tarapozzi\AppData\Local\Programs\MiKTeX\tex/generic/etexcmds\etexcmds
.sty
Package: etexcmds 2019/12/15 v1.7 Avoid name clashes with e-TeX commands (HO)
)
\Hy@SavedSpaceFactor=\count267
Package hyperref Info: Option `unicode' set `true' on input line 4338.
(C:\Users\tarapozzi\AppData\Local\Programs\MiKTeX\tex/latex/hyperref\puenc.def
File: puenc.def 2020-05-15 v7.00e Hyperref: PDF Unicode definition (HO)
Now handling font encoding PU ...
... no UTF-8 mapping file for font encoding PU
)
Package hyperref Info: Hyper figures OFF on input line 4464.
Package hyperref Info: Link nesting OFF on input line 4469.
Package hyperref Info: Hyper index ON on input line 4472.
Package hyperref Info: Plain pages OFF on input line 4479.
Package hyperref Info: Backreferencing OFF on input line 4484.
Package hyperref Info: Implicit mode ON; LaTeX internals redefined.
Package hyperref Info: Bookmarks ON on input line 4717.
\c@Hy@tempcnt=\count268
LaTeX Info: Redefining \url on input line 5076.
\XeTeXLinkMargin=\dimen150

(C:\Users\tarapozzi\AppData\Local\Programs\MiKTeX\tex/generic/bitset\bitset.sty
Package: bitset 2019/12/09 v1.3 Handle bit-vector datatype (HO)

(C:\Users\tarapozzi\AppData\Local\Programs\MiKTeX\tex/generic/bigintcalc\bigint
calc.sty
Package: bigintcalc 2019/12/15 v1.5 Expandable calculations on big integers (HO
)
))
\Fld@menulength=\count269
\Field@Width=\dimen151
\Fld@charsize=\dimen152
Package hyperref Info: Hyper figures OFF on input line 6347.
Package hyperref Info: Link nesting OFF on input line 6352.
Package hyperref Info: Hyper index ON on input line 6355.
Package hyperref Info: backreferencing OFF on input line 6362.
Package hyperref Info: Link coloring OFF on input line 6367.
Package hyperref Info: Link coloring with OCG OFF on input line 6372.
Package hyperref Info: PDF/A mode OFF on input line 6377.
LaTeX Info: Redefining \ref on input line 6417.
LaTeX Info: Redefining \pageref on input line 6421.

(C:\Users\tarapozzi\AppData\Local\Programs\MiKTeX\tex/latex/base\atbegshi-ltx.s
ty
Package: atbegshi-ltx 2020/08/17 v1.0a Emulation of the original atbegshi packa
ge
with kernel methods
)
\Hy@abspage=\count270
\c@Item=\count271
\c@Hfootnote=\count272
)
Package hyperref Info: Driver (autodetected): hpdftex.

(C:\Users\tarapozzi\AppData\Local\Programs\MiKTeX\tex/latex/hyperref\hpdftex.de
f
File: hpdftex.def 2020-05-15 v7.00e Hyperref driver for pdfTeX

(C:\Users\tarapozzi\AppData\Local\Programs\MiKTeX\tex/latex/base\atveryend-ltx.
sty
Package: atveryend-ltx 2020/08/19 v1.0a Emulation of the original atvery packag
e
with kernel methods
)
\Fld@listcount=\count273
\c@bookmark@seq@number=\count274

(C:\Users\tarapozzi\AppData\Local\Programs\MiKTeX\tex/latex/rerunfilecheck\reru
nfilecheck.sty
Package: rerunfilecheck 2019/12/05 v1.9 Rerun checks for auxiliary files (HO)

(C:\Users\tarapozzi\AppData\Local\Programs\MiKTeX\tex/generic/uniquecounter\uni
quecounter.sty
Package: uniquecounter 2019/12/15 v1.4 Provide unlimited unique counter (HO)
)
Package uniquecounter Info: New unique counter `rerunfilecheck' on input line 2
86.
)
\Hy@SectionHShift=\skip53
)
(C:\Users\tarapozzi\AppData\Local\Programs\MiKTeX\tex/latex/bookmark\bkm-pdftex
.def
File: bkm-pdftex.def 2020-11-06 v1.29 bookmark driver for pdfTeX (HO)
\BKM@id=\count275
))
Package hyperref Info: Option `colorlinks' set `true' on input line 38.

(C:\Users\tarapozzi\AppData\Local\Programs\MiKTeX\tex/latex/geometry\geometry.s
ty
Package: geometry 2020/01/02 v5.9 Page Geometry
(C:\Users\tarapozzi\AppData\Local\Programs\MiKTeX\tex/generic/iftex\ifvtex.sty
Package: ifvtex 2019/10/25 v1.7 ifvtex legacy package. Use iftex instead.
)
\Gm@cnth=\count276
\Gm@cntv=\count277
\c@Gm@tempcnt=\count278
\Gm@bindingoffset=\dimen153
\Gm@wd@mp=\dimen154
\Gm@odd@mp=\dimen155
\Gm@even@mp=\dimen156
\Gm@layoutwidth=\dimen157
\Gm@layoutheight=\dimen158
\Gm@layouthoffset=\dimen159
\Gm@layoutvoffset=\dimen160
\Gm@dimlist=\toks24

(C:\Users\tarapozzi\AppData\Local\Programs\MiKTeX\tex/latex/geometry\geometry.c
fg))
(C:\Users\tarapozzi\AppData\Local\Programs\MiKTeX\tex/latex/tools\longtable.sty
Package: longtable 2020/01/07 v4.13 Multi-page Table package (DPC)
\LTleft=\skip54
\LTright=\skip55
\LTpre=\skip56
\LTpost=\skip57
\LTchunksize=\count279
\LTcapwidth=\dimen161
\LT@head=\box49
\LT@firsthead=\box50
\LT@foot=\box51
\LT@lastfoot=\box52
\LT@cols=\count280
\LT@rows=\count281
\c@LT@tables=\count282
\c@LT@chunks=\count283
\LT@p@ftn=\toks25
)
(C:\Users\tarapozzi\AppData\Local\Programs\MiKTeX\tex/latex/booktabs\booktabs.s
ty
Package: booktabs 2020/01/12 v1.61803398 Publication quality tables
\heavyrulewidth=\dimen162
\lightrulewidth=\dimen163
\cmidrulewidth=\dimen164
\belowrulesep=\dimen165
\belowbottomsep=\dimen166
\aboverulesep=\dimen167
\abovetopsep=\dimen168
\cmidrulesep=\dimen169
\cmidrulekern=\dimen170
\defaultaddspace=\dimen171
\@cmidla=\count284
\@cmidlb=\count285
\@aboverulesep=\dimen172
\@belowrulesep=\dimen173
\@thisruleclass=\count286
\@lastruleclass=\count287
\@thisrulewidth=\dimen174
) (C:\Users\tarapozzi\AppData\Local\Programs\MiKTeX\tex/latex/tools\calc.sty
Package: calc 2017/05/25 v4.3 Infix arithmetic (KKT,FJ)
\calc@Acount=\count288
\calc@Bcount=\count289
\calc@Adimen=\dimen175
\calc@Bdimen=\dimen176
\calc@Askip=\skip58
\calc@Bskip=\skip59
LaTeX Info: Redefining \setlength on input line 80.
LaTeX Info: Redefining \addtolength on input line 81.
\calc@Ccount=\count290
\calc@Cskip=\skip60
)
(C:\Users\tarapozzi\AppData\Local\Programs\MiKTeX\tex/latex/etoolbox\etoolbox.s
ty
Package: etoolbox 2020/10/05 v2.5k e-TeX tools for LaTeX (JAW)
\etb@tempcnta=\count291
)
(C:\Users\tarapozzi\AppData\Local\Programs\MiKTeX\tex/latex/footnotehyper\footn
otehyper.sty
Package: footnotehyper 2021/01/26 v1.1b hyperref aware footnote.sty (JFB)
\FNH@notes=\box53
\FNH@width=\dimen177
)
(C:\Users\tarapozzi\AppData\Local\Programs\MiKTeX\tex/latex/graphics\graphicx.s
ty
Package: graphicx 2020/09/09 v1.2b Enhanced LaTeX Graphics (DPC,SPQR)

(C:\Users\tarapozzi\AppData\Local\Programs\MiKTeX\tex/latex/graphics\graphics.s
ty
Package: graphics 2020/08/30 v1.4c Standard LaTeX Graphics (DPC,SPQR)
(C:\Users\tarapozzi\AppData\Local\Programs\MiKTeX\tex/latex/graphics\trig.sty
Package: trig 2016/01/03 v1.10 sin cos tan (DPC)
)
(C:\Users\tarapozzi\AppData\Local\Programs\MiKTeX\tex/latex/graphics-cfg\graphi
cs.cfg
File: graphics.cfg 2016/06/04 v1.11 sample graphics configuration
)
Package graphics Info: Driver file: pdftex.def on input line 105.
)
\Gin@req@height=\dimen178
\Gin@req@width=\dimen179
)
\cslhangindent=\skip61
\csllabelwidth=\skip62

(C:\Users\tarapozzi\AppData\Local\Programs\MiKTeX\tex/latex/l3backend\l3backend
-pdftex.def
File: l3backend-pdftex.def 2020-09-24 L3 backend support: PDF output (pdfTeX)
\l__kernel_color_stack_int=\count292
\l__pdf_internal_box=\box54
) (chapter_1.aux

LaTeX Warning: Label `:' multiply defined.


LaTeX Warning: Label `:' multiply defined.


LaTeX Warning: Label `:' multiply defined.


LaTeX Warning: Label `:' multiply defined.


LaTeX Warning: Label `:' multiply defined.


LaTeX Warning: Label `:' multiply defined.


LaTeX Warning: Label `:' multiply defined.


LaTeX Warning: Label `:' multiply defined.


LaTeX Warning: Label `:' multiply defined.


LaTeX Warning: Label `:' multiply defined.

)
\openout1 = `chapter_1.aux'.

LaTeX Font Info:    Checking defaults for OML/cmm/m/it on input line 96.
LaTeX Font Info:    ... okay on input line 96.
LaTeX Font Info:    Checking defaults for OMS/cmsy/m/n on input line 96.
LaTeX Font Info:    ... okay on input line 96.
LaTeX Font Info:    Checking defaults for OT1/cmr/m/n on input line 96.
LaTeX Font Info:    ... okay on input line 96.
LaTeX Font Info:    Checking defaults for T1/cmr/m/n on input line 96.
LaTeX Font Info:    ... okay on input line 96.
LaTeX Font Info:    Checking defaults for TS1/cmr/m/n on input line 96.
LaTeX Font Info:    ... okay on input line 96.
LaTeX Font Info:    Checking defaults for OMX/cmex/m/n on input line 96.
LaTeX Font Info:    ... okay on input line 96.
LaTeX Font Info:    Checking defaults for U/cmr/m/n on input line 96.
LaTeX Font Info:    ... okay on input line 96.
LaTeX Font Info:    Checking defaults for PD1/pdf/m/n on input line 96.
LaTeX Font Info:    ... okay on input line 96.
LaTeX Font Info:    Checking defaults for PU/pdf/m/n on input line 96.
LaTeX Font Info:    ... okay on input line 96.
LaTeX Info: Redefining \microtypecontext on input line 96.
Package microtype Info: Generating PDF output.
Package microtype Info: Character protrusion enabled (level 2).
Package microtype Info: Using protrusion set `basicmath'.
Package microtype Info: Automatic font expansion enabled (level 2),
(microtype)             stretch: 20, shrink: 20, step: 1, non-selected.
Package microtype Info: Using default expansion set `basictext'.
LaTeX Info: Redefining \showhyphens on input line 96.
Package microtype Info: No adjustment of tracking.
Package microtype Info: No adjustment of interword spacing.
Package microtype Info: No adjustment of character kerning.

(C:\Users\tarapozzi\AppData\Local\Programs\MiKTeX\tex/latex/microtype\mt-cmr.cf
g
File: mt-cmr.cfg 2013/05/19 v2.2 microtype config. file: Computer Modern Roman 
(RS)
)
(C:\Users\tarapozzi\AppData\Local\Programs\MiKTeX\tex/context/base/mkii\supp-pd
f.mkii
[Loading MPS to PDF converter (version 2006.09.02).]
\scratchcounter=\count293
\scratchdimen=\dimen180
\scratchbox=\box55
\nofMPsegments=\count294
\nofMParguments=\count295
\everyMPshowfont=\toks26
\MPscratchCnt=\count296
\MPscratchDim=\dimen181
\MPnumerator=\count297
\makeMPintoPDFobject=\count298
\everyMPtoPDFconversion=\toks27
)
(C:\Users\tarapozzi\AppData\Local\Programs\MiKTeX\tex/latex/epstopdf-pkg\epstop
df-base.sty
Package: epstopdf-base 2020-01-24 v2.11 Base part for package epstopdf
Package epstopdf-base Info: Redefining graphics rule for `.eps' on input line 4
85.
)
Package hyperref Info: Link coloring ON on input line 96.

(C:\Users\tarapozzi\AppData\Local\Programs\MiKTeX\tex/latex/hyperref\nameref.st
y
Package: nameref 2019/09/16 v2.46 Cross-referencing by name of section

(C:\Users\tarapozzi\AppData\Local\Programs\MiKTeX\tex/latex/refcount\refcount.s
ty
Package: refcount 2019/12/15 v3.6 Data extraction from label references (HO)
)
(C:\Users\tarapozzi\AppData\Local\Programs\MiKTeX\tex/generic/gettitlestring\ge
ttitlestring.sty
Package: gettitlestring 2019/12/15 v1.6 Cleanup title references (HO)
)
\c@section@level=\count299
)
LaTeX Info: Redefining \ref on input line 96.
LaTeX Info: Redefining \pageref on input line 96.
LaTeX Info: Redefining \nameref on input line 96.
*geometry* driver: auto-detecting
*geometry* detected driver: pdftex
*geometry* verbose mode - [ preamble ] result:
* driver: pdftex
* paper: <default>
* layout: <same size as paper>
* layoutoffset:(h,v)=(0.0pt,0.0pt)
* modes: 
* h-part:(L,W,R)=(72.26999pt, 469.75502pt, 72.26999pt)
* v-part:(T,H,B)=(72.26999pt, 650.43001pt, 72.26999pt)
* \paperwidth=614.295pt
* \paperheight=794.96999pt
* \textwidth=469.75502pt
* \textheight=650.43001pt
* \oddsidemargin=0.0pt
* \evensidemargin=0.0pt
* \topmargin=-37.0pt
* \headheight=12.0pt
* \headsep=25.0pt
* \topskip=12.0pt
* \footskip=30.0pt
* \marginparwidth=44.0pt
* \marginparsep=10.0pt
* \columnsep=10.0pt
* \skip\footins=10.8pt plus 4.0pt minus 2.0pt
* \hoffset=0.0pt
* \voffset=0.0pt
* \mag=1000
* \@twocolumnfalse
* \@twosidefalse
* \@mparswitchfalse
* \@reversemarginfalse
* (1in=72.27pt=25.4mm, 1cm=28.453pt)

LaTeX Font Info:    Trying to load font information for OT1+lmr on input line 9
8.
(C:\Users\tarapozzi\AppData\Local\Programs\MiKTeX\tex/latex/lm\ot1lmr.fd
File: ot1lmr.fd 2009/10/30 v1.6 Font defs for Latin Modern
)
LaTeX Font Info:    Trying to load font information for OML+lmm on input line 9
8.
(C:\Users\tarapozzi\AppData\Local\Programs\MiKTeX\tex/latex/lm\omllmm.fd
File: omllmm.fd 2009/10/30 v1.6 Font defs for Latin Modern
)
LaTeX Font Info:    Trying to load font information for OMS+lmsy on input line 
98.
(C:\Users\tarapozzi\AppData\Local\Programs\MiKTeX\tex/latex/lm\omslmsy.fd
File: omslmsy.fd 2009/10/30 v1.6 Font defs for Latin Modern
)
LaTeX Font Info:    Trying to load font information for OMX+lmex on input line 
98.
(C:\Users\tarapozzi\AppData\Local\Programs\MiKTeX\tex/latex/lm\omxlmex.fd
File: omxlmex.fd 2009/10/30 v1.6 Font defs for Latin Modern
)
LaTeX Font Info:    External font `lmex10' loaded for size
(Font)              <20.74> on input line 98.
LaTeX Font Info:    External font `lmex10' loaded for size
(Font)              <14.4> on input line 98.
LaTeX Font Info:    External font `lmex10' loaded for size
(Font)              <12> on input line 98.
LaTeX Font Info:    Trying to load font information for U+msa on input line 98.

(C:\Users\tarapozzi\AppData\Local\Programs\MiKTeX\tex/latex/amsfonts\umsa.fd
File: umsa.fd 2013/01/14 v3.01 AMS symbols A
)
(C:\Users\tarapozzi\AppData\Local\Programs\MiKTeX\tex/latex/microtype\mt-msa.cf
g
File: mt-msa.cfg 2006/02/04 v1.1 microtype config. file: AMS symbols (a) (RS)
)
LaTeX Font Info:    Trying to load font information for U+msb on input line 98.

(C:\Users\tarapozzi\AppData\Local\Programs\MiKTeX\tex/latex/amsfonts\umsb.fd
File: umsb.fd 2013/01/14 v3.01 AMS symbols B
)
(C:\Users\tarapozzi\AppData\Local\Programs\MiKTeX\tex/latex/microtype\mt-msb.cf
g
File: mt-msb.cfg 2005/06/01 v1.0 microtype config. file: AMS symbols (b) (RS)
)
LaTeX Font Info:    Trying to load font information for TS1+lmr on input line 9
8.
(C:\Users\tarapozzi\AppData\Local\Programs\MiKTeX\tex/latex/lm\ts1lmr.fd
File: ts1lmr.fd 2009/10/30 v1.6 Font defs for Latin Modern
)
LaTeX Font Info:    External font `lmex10' loaded for size
(Font)              <10> on input line 98.
LaTeX Font Info:    External font `lmex10' loaded for size
(Font)              <7> on input line 98.
LaTeX Font Info:    External font `lmex10' loaded for size
(Font)              <5> on input line 98.
[1

{C:/Users/tarapozzi/AppData/Local/MiKTeX/pdftex/config/pdftex.map}] [2]
<C:/Users/tarapozzi/Documents/lidar_manuscript/images/lidar_map.PNG, id=25, 144
2.38875pt x 641.39626pt>
File: C:/Users/tarapozzi/Documents/lidar_manuscript/images/lidar_map.PNG Graphi
c file (type png)
<use C:/Users/tarapozzi/Documents/lidar_manuscript/images/lidar_map.PNG>
Package pdftex.def Info: C:/Users/tarapozzi/Documents/lidar_manuscript/images/l
idar_map.PNG  used on input line 217.
(pdftex.def)             Requested size: 469.7392pt x 208.88193pt.
LaTeX Font Info:    External font `lmex10' loaded for size
(Font)              <8> on input line 221.
LaTeX Font Info:    External font `lmex10' loaded for size
(Font)              <6> on input line 221.
[3 <C:/Users/tarapozzi/Documents/lidar_manuscript/images/lidar_map.PNG>] [4] [5
]
<C:/Users/tarapozzi/Documents/lidar_manuscript/images/value_function.png, id=51
, 237.5274pt x 185.493pt>
File: C:/Users/tarapozzi/Documents/lidar_manuscript/images/value_function.png G
raphic file (type png)
<use C:/Users/tarapozzi/Documents/lidar_manuscript/images/value_function.png>
Package pdftex.def Info: C:/Users/tarapozzi/Documents/lidar_manuscript/images/v
alue_function.png  used on input line 419.
(pdftex.def)             Requested size: 237.53406pt x 185.49818pt.
[6] [7 <C:/Users/tarapozzi/Documents/lidar_manuscript/images/value_function.png
>]
<C:/Users/tarapozzi/Documents/lidar_manuscript/images/dem_comp.png, id=67, 740.
7675pt x 277.035pt>
File: C:/Users/tarapozzi/Documents/lidar_manuscript/images/dem_comp.png Graphic
 file (type png)
<use C:/Users/tarapozzi/Documents/lidar_manuscript/images/dem_comp.png>
Package pdftex.def Info: C:/Users/tarapozzi/Documents/lidar_manuscript/images/d
em_comp.png  used on input line 525.
(pdftex.def)             Requested size: 469.76045pt x 175.68277pt.

LaTeX Warning: Reference `tab:tab_statecomp' on page 8 undefined on input line 
544.

[8]
<C:/Users/tarapozzi/Documents/lidar_manuscript/images/theory_factors.jpg, id=74
, 963.6pt x 542.025pt>
File: C:/Users/tarapozzi/Documents/lidar_manuscript/images/theory_factors.jpg G
raphic file (type jpg)
<use C:/Users/tarapozzi/Documents/lidar_manuscript/images/theory_factors.jpg>
Package pdftex.def Info: C:/Users/tarapozzi/Documents/lidar_manuscript/images/t
heory_factors.jpg  used on input line 589.
(pdftex.def)             Requested size: 469.75679pt x 264.23819pt.

Overfull \vbox (223.72832pt too high) has occurred while \output is active []

[9 <C:/Users/tarapozzi/Documents/lidar_manuscript/images/dem_comp.png>] [10 <C:
/Users/tarapozzi/Documents/lidar_manuscript/images/theory_factors.jpg>] [11] [1
2]
Overfull \hbox (1.35986pt too wide) in paragraph at lines 829--830
 []\T1/lmr/m/n/12 (-20) Idaho|
 []


Overfull \hbox (4.83797pt too wide) in paragraph at lines 832--833
 []\T1/lmr/m/n/12 (-20) Oregon|
 []


Overfull \hbox (9.24226pt too wide) in paragraph at lines 835--836
 []\T1/lmr/m/n/12 (-20) Washington|
 []


Overfull \hbox (22.52199pt too wide) in alignment at lines 821--838
 [] [] [] [] 
 []


Overfull \hbox (1.35986pt too wide) in paragraph at lines 844--845
 []\T1/lmr/m/n/12 (-20) Idaho|
 []


Overfull \hbox (4.83797pt too wide) in paragraph at lines 847--848
 []\T1/lmr/m/n/12 (-20) Oregon|
 []


Overfull \hbox (9.24226pt too wide) in paragraph at lines 850--851
 []\T1/lmr/m/n/12 (-20) Washington|
 []


Overfull \hbox (22.52199pt too wide) in alignment at lines 838--853
 [] [] [] [] 
 []


Overfull \hbox (22.52199pt too wide) in alignment at lines 853--1003
 [] [] [] [] 
 []

[13]
Overfull \hbox (1.12534pt too wide) in alignment at lines 1051--1056
 [] [] [] [] [] 
 []


Overfull \hbox (1.12534pt too wide) in alignment at lines 1056--1060
 [] [] [] [] [] 
 []


Overfull \hbox (1.12534pt too wide) in alignment at lines 1060--1080
 [] [] [] [] [] 
 []

[14]
Overfull \hbox (88.55771pt too wide) in alignment at lines 1101--1107
 [] [] [] [] [] 
 []


Overfull \hbox (88.55771pt too wide) in alignment at lines 1107--1111
 [] [] [] [] [] 
 []


Overfull \hbox (88.55771pt too wide) in alignment at lines 1111--1131
 [] [] [] [] [] 
 []

[15]
<Figures_MS/proportion of lidar users-1.pdf, id=138, 469.755pt x 325.215pt>
File: Figures_MS/proportion of lidar users-1.pdf Graphic file (type pdf)
<use Figures_MS/proportion of lidar users-1.pdf>
Package pdftex.def Info: Figures_MS/proportion of lidar users-1.pdf  used on in
put line 1157.
(pdftex.def)             Requested size: 469.75386pt x 325.2142pt.
<Figures_MS/expertise-1.pdf, id=139, 469.755pt x 325.215pt>
File: Figures_MS/expertise-1.pdf Graphic file (type pdf)
<use Figures_MS/expertise-1.pdf>
Package pdftex.def Info: Figures_MS/expertise-1.pdf  used on input line 1170.
(pdftex.def)             Requested size: 469.75386pt x 325.2142pt.
<Figures_MS/comm in network-1.pdf, id=140, 469.755pt x 325.215pt>
File: Figures_MS/comm in network-1.pdf Graphic file (type pdf)
<use Figures_MS/comm in network-1.pdf>
Package pdftex.def Info: Figures_MS/comm in network-1.pdf  used on input line 1
186.
(pdftex.def)             Requested size: 469.75386pt x 325.2142pt.
<Figures_MS/awareness-1.pdf, id=141, 469.755pt x 325.215pt>
File: Figures_MS/awareness-1.pdf Graphic file (type pdf)
<use Figures_MS/awareness-1.pdf>
Package pdftex.def Info: Figures_MS/awareness-1.pdf  used on input line 1204.
(pdftex.def)             Requested size: 469.75386pt x 325.2142pt.
[16 <./Figures_MS/proportion of lidar users-1.pdf>] [17 <./Figures_MS/expertise
-1.pdf>] [18 <./Figures_MS/comm in network-1.pdf>]
<Figures_MS/future damage-1.pdf, id=180, 469.755pt x 325.215pt>
File: Figures_MS/future damage-1.pdf Graphic file (type pdf)
<use Figures_MS/future damage-1.pdf>
Package pdftex.def Info: Figures_MS/future damage-1.pdf  used on input line 122
5.
(pdftex.def)             Requested size: 469.75386pt x 325.2142pt.
<Figures_MS/floodzone damage-1.pdf, id=181, 469.755pt x 325.215pt>
File: Figures_MS/floodzone damage-1.pdf Graphic file (type pdf)
<use Figures_MS/floodzone damage-1.pdf>
Package pdftex.def Info: Figures_MS/floodzone damage-1.pdf  used on input line 
1244.
(pdftex.def)             Requested size: 469.75386pt x 325.2142pt.
[19 <./Figures_MS/awareness-1.pdf>] [20 <./Figures_MS/future damage-1.pdf>] [21
 <./Figures_MS/floodzone damage-1.pdf>]
<Figures_MS/risk attitude-1.pdf, id=218, 469.755pt x 325.215pt>
File: Figures_MS/risk attitude-1.pdf Graphic file (type pdf)
<use Figures_MS/risk attitude-1.pdf>
Package pdftex.def Info: Figures_MS/risk attitude-1.pdf  used on input line 126
4.
(pdftex.def)             Requested size: 469.75386pt x 325.2142pt.
<Figures_MS/experience-1.pdf, id=219, 469.755pt x 325.215pt>
File: Figures_MS/experience-1.pdf Graphic file (type pdf)
<use Figures_MS/experience-1.pdf>
Package pdftex.def Info: Figures_MS/experience-1.pdf  used on input line 1287.
(pdftex.def)             Requested size: 469.75386pt x 325.2142pt.
[22 <./Figures_MS/risk attitude-1.pdf>] [23 <./Figures_MS/experience-1.pdf>]
<Figures_MS/science trust-1.pdf, id=247, 469.755pt x 325.215pt>
File: Figures_MS/science trust-1.pdf Graphic file (type pdf)
<use Figures_MS/science trust-1.pdf>
Package pdftex.def Info: Figures_MS/science trust-1.pdf  used on input line 130
4.
(pdftex.def)             Requested size: 469.75386pt x 325.2142pt.
<Figures_MS/prepared-1.pdf, id=248, 469.755pt x 325.215pt>
File: Figures_MS/prepared-1.pdf Graphic file (type pdf)
<use Figures_MS/prepared-1.pdf>
Package pdftex.def Info: Figures_MS/prepared-1.pdf  used on input line 1320.
(pdftex.def)             Requested size: 469.75386pt x 325.2142pt.
<Figures_MS/gov trust-1.pdf, id=249, 469.755pt x 325.215pt>
File: Figures_MS/gov trust-1.pdf Graphic file (type pdf)
<use Figures_MS/gov trust-1.pdf>
Package pdftex.def Info: Figures_MS/gov trust-1.pdf  used on input line 1342.
(pdftex.def)             Requested size: 469.75386pt x 325.2142pt.
[24 <./Figures_MS/science trust-1.pdf>] [25 <./Figures_MS/prepared-1.pdf>] [26 
<./Figures_MS/gov trust-1.pdf>] [27] [28] [29] [30] (chapter_1.aux)

LaTeX Warning: There were undefined references.


LaTeX Warning: There were multiply-defined labels.

 ) 
Here is how much of TeX's memory you used:
 13632 strings out of 479697
 207264 string characters out of 2865233
 546942 words of memory out of 3000000
 30199 multiletter control sequences out of 15000+200000
 487877 words of font info for 141 fonts, out of 3000000 for 9000
 1141 hyphenation exceptions out of 8191
 79i,6n,85p,798b,541s stack positions out of 5000i,500n,10000p,200000b,50000s
{C:/Users/tarapozzi/AppData/Local/Programs/MiKTeX/fonts/enc/dvips/lm/lm-rm.en
c}{C:/Users/tarapozzi/AppData/Local/Programs/MiKTeX/fonts/enc/dvips/lm/lm-maths
y.enc}{C:/Users/tarapozzi/AppData/Local/Programs/MiKTeX/fonts/enc/dvips/lm/lm-m
athit.enc}{C:/Users/tarapozzi/AppData/Local/Programs/MiKTeX/fonts/enc/dvips/lm/
lm-ec.enc}{C:/Users/tarapozzi/AppData/Local/Programs/MiKTeX/fonts/enc/dvips/lm/
lm-ts1.enc}<C:/Users/tarapozzi/AppData/Local/Programs/MiKTeX/fonts/type1/public
/lm/lmbx12.pfb><C:/Users/tarapozzi/AppData/Local/Programs/MiKTeX/fonts/type1/pu
blic/lm/lmbxi10.pfb><C:/Users/tarapozzi/AppData/Local/Programs/MiKTeX/fonts/typ
e1/public/lm/lmmi12.pfb><C:/Users/tarapozzi/AppData/Local/Programs/MiKTeX/fonts
/type1/public/lm/lmmi8.pfb><C:/Users/tarapozzi/AppData/Local/Programs/MiKTeX/fo
nts/type1/public/lm/lmr10.pfb><C:/Users/tarapozzi/AppData/Local/Programs/MiKTeX
/fonts/type1/public/lm/lmr12.pfb><C:/Users/tarapozzi/AppData/Local/Programs/MiK
TeX/fonts/type1/public/lm/lmr17.pfb><C:/Users/tarapozzi/AppData/Local/Programs/
MiKTeX/fonts/type1/public/lm/lmr7.pfb><C:/Users/tarapozzi/AppData/Local/Program
s/MiKTeX/fonts/type1/public/lm/lmri12.pfb><C:/Users/tarapozzi/AppData/Local/Pro
grams/MiKTeX/fonts/type1/public/lm/lmsy10.pfb>
Output written on chapter_1.pdf (30 pages, 1222524 bytes).
PDF statistics:
 538 PDF objects out of 1000 (max. 8388607)
 161 named destinations out of 1000 (max. 500000)
 14604 words of extra memory for PDF output out of 17280 (max. 10000000)

